c:\users\keine\documents\github\sokoban\sokoban\x64\debug\vc142.pdb
c:\users\keine\documents\github\sokoban\sokoban\x64\debug\vc142.idb
c:\users\keine\documents\github\sokoban\sokoban\x64\debug\nodo.obj
c:\users\keine\documents\github\sokoban\sokoban\x64\debug\matriz.obj
c:\users\keine\documents\github\sokoban\sokoban\x64\debug\main.obj
c:\users\keine\documents\github\sokoban\sokoban\x64\debug\juego.obj
c:\users\keine\documents\github\sokoban\sokoban\x64\debug\boton.obj
d:\escritorio\sokoban\sokoban\x64\debug\vc142.pdb
d:\escritorio\sokoban\sokoban\x64\debug\vc142.idb
d:\escritorio\sokoban\sokoban\x64\debug\main.obj
d:\escritorio\sokoban\sokoban\x64\debug\nodo.obj
d:\escritorio\sokoban\sokoban\x64\debug\matriz.obj
c:\users\keine\documents\github\sokoban\sokoban\x64\debug\sokoban.exe
c:\users\keine\documents\github\sokoban\sokoban\x64\debug\sokoban.ilk
c:\users\keine\documents\github\sokoban\sokoban\x64\debug\sokoban.pdb
c:\users\keine\documents\github\sokoban\sokoban\x64\debug\sokoban.res
d:\escritorio\sokoban\sokoban\x64\debug\boton.obj
d:\escritorio\sokoban\sokoban\x64\debug\sokoban.ilk
d:\escritorio\sokoban\sokoban\x64\debug\sokoban.res
d:\escritorio\sokoban\sokoban\x64\debug\sokoban.pdb
d:\escritorio\sokoban\sokoban\x64\debug\sokoban.tlog\cl.command.1.tlog
d:\escritorio\sokoban\sokoban\x64\debug\sokoban.tlog\cl.read.1.tlog
d:\escritorio\sokoban\sokoban\x64\debug\sokoban.tlog\cl.write.1.tlog
d:\escritorio\sokoban\sokoban\x64\debug\sokoban.tlog\link.command.1.tlog
d:\escritorio\sokoban\sokoban\x64\debug\sokoban.tlog\link.read.1.tlog
d:\escritorio\sokoban\sokoban\x64\debug\sokoban.tlog\link.write.1.tlog
d:\escritorio\sokoban\sokoban\x64\debug\sokoban.tlog\rc.command.1.tlog
d:\escritorio\sokoban\sokoban\x64\debug\sokoban.tlog\rc.read.1.tlog
d:\escritorio\sokoban\sokoban\x64\debug\sokoban.tlog\rc.write.1.tlog
